<?xml version="1.0" encoding="utf-8"?><testsuites name="pytest tests"><testsuite name="pytest" errors="0" failures="1" skipped="0" tests="13" time="15.759" timestamp="2026-08-18T12:32:36.857905+00:00" hostname="agent-env-b9afc2ce-a9b0-4ffb-8af4-0271db8267d9"><testcase classname="tests.backend_test" name="test_health" time="0.322" /><testcase classname="tests.backend_test" name="test_dashboard" time="0.183"><failure message="AssertionError: expected 5 health components, got 0&#10;assert (True and 0 == 5)&#10; +  where True = isinstance([], list)&#10; +  and   0 = len([])">backend/tests/backend_test.py:35: in test_dashboard
    assert isinstance(comps, list) and len(comps) == 5, f"expected 5 health components, got {len(comps)}"
E   AssertionError: expected 5 health components, got 0
E   assert (True and 0 == 5)
E    +  where True = isinstance([], list)
E    +  and   0 = len([])</failure></testcase><testcase classname="tests.backend_test" name="test_properties_list" time="0.166" /><testcase classname="tests.backend_test" name="test_property_detail" time="0.434" /><testcase classname="tests.backend_test" name="test_rooms" time="0.661" /><testcase classname="tests.backend_test" name="test_tenants_list" time="0.177" /><testcase classname="tests.backend_test" name="test_tenant_detail" time="0.439" /><testcase classname="tests.backend_test" name="test_invoices_current" time="0.170" /><testcase classname="tests.backend_test" name="test_maintenance" time="0.165" /><testcase classname="tests.backend_test" name="test_finance_summary" time="0.169" /><testcase classname="tests.backend_test" name="test_expenses" time="0.162" /><testcase classname="tests.backend_test" name="test_notifications" time="0.168" /><testcase classname="tests.backend_test" name="test_ai_chat_sse" time="11.935" /></testsuite></testsuites>